1511223408795	geckodriver	INFO	geckodriver 0.19.0
1511223408836	geckodriver	INFO	Listening on 127.0.0.1:55149
1511223408924	mozrunner::runner	INFO	Running command: "/Applications/Firefox.app/Contents/MacOS/firefox-bin" "-marionette" "-profile" "/var/folders/kr/_rj0t_cs3v9fskcqmdv7f0sh0000gn/T/rust_mozprofile.ktyCm2FjKT2y"
1511223409162	addons.xpi	WARN	Error parsing extensions state: [Exception... "Component returned failure code: 0x80520012 (NS_ERROR_FILE_NOT_FOUND) [amIAddonManagerStartup.readStartupData]"  nsresult: "0x80520012 (NS_ERROR_FILE_NOT_FOUND)"  location: "JS frame :: resource://gre/modules/addons/XPIProvider.jsm :: loadExtensionState :: line 1554"  data: no] Stack trace: loadExtensionState()@resource://gre/modules/addons/XPIProvider.jsm:1554 < getInstallState()@resource://gre/modules/addons/XPIProvider.jsm:1589 < checkForChanges()@resource://gre/modules/addons/XPIProvider.jsm:3109 < startup()@resource://gre/modules/addons/XPIProvider.jsm:2188 < callProvider()@resource://gre/modules/AddonManager.jsm:269 < _startProvider()@resource://gre/modules/AddonManager.jsm:739 < startup()@resource://gre/modules/AddonManager.jsm:906 < startup()@resource://gre/modules/AddonManager.jsm:3090 < observe()@jar:file:///Applications/Firefox.app/Contents/Resources/omni.ja!/components/addonManager.js:65
1511223409378	Marionette	INFO	Enabled via --marionette
2017-11-21 00:16:49.986 plugin-container[5324:491334] *** CFMessagePort: bootstrap_register(): failed 1100 (0x44c) 'Permission denied', port = 0xaa37, name = 'com.apple.tsm.portname'
See /usr/include/servers/bootstrap_defs.h for the error codes.
1511223410266	Marionette	INFO	Listening on port 55153
1511223410275	Marionette	WARN	TLS certificate errors will be ignored for this session
1511223410297	Marionette	DEBUG	Register listener.js for window 2147483649
1511223410318	Marionette	DEBUG	Received DOM event "beforeunload" for "about:blank"
1511223411490	Marionette	DEBUG	Received DOM event "beforeunload" for "about:blank"
1511223411491	Marionette	DEBUG	Received DOM event "pagehide" for "about:blank"
1511223411491	Marionette	DEBUG	Received DOM event "unload" for "about:blank"
1511223411520	Marionette	DEBUG	Received DOM event "DOMContentLoaded" for "about:neterror?e=connectionFailure&u=http%3A//localhost%3A8000/&c=UTF-8&f=regular&d=Firefox%20can%E2%80%99t%20establish%20a%20connection%20to%20the%20server%20at%20localhost%3A8000."
1511223411565	Marionette	INFO	New connections will no longer be accepted
1511223543558	geckodriver	INFO	geckodriver 0.19.0
1511223543601	geckodriver	INFO	Listening on 127.0.0.1:55322
1511223543685	mozrunner::runner	INFO	Running command: "/Applications/Firefox.app/Contents/MacOS/firefox-bin" "-marionette" "-profile" "/var/folders/kr/_rj0t_cs3v9fskcqmdv7f0sh0000gn/T/rust_mozprofile.W2xDM1Z1BL4O"
1511223543870	addons.xpi	WARN	Error parsing extensions state: [Exception... "Component returned failure code: 0x80520012 (NS_ERROR_FILE_NOT_FOUND) [amIAddonManagerStartup.readStartupData]"  nsresult: "0x80520012 (NS_ERROR_FILE_NOT_FOUND)"  location: "JS frame :: resource://gre/modules/addons/XPIProvider.jsm :: loadExtensionState :: line 1554"  data: no] Stack trace: loadExtensionState()@resource://gre/modules/addons/XPIProvider.jsm:1554 < getInstallState()@resource://gre/modules/addons/XPIProvider.jsm:1589 < checkForChanges()@resource://gre/modules/addons/XPIProvider.jsm:3109 < startup()@resource://gre/modules/addons/XPIProvider.jsm:2188 < callProvider()@resource://gre/modules/AddonManager.jsm:269 < _startProvider()@resource://gre/modules/AddonManager.jsm:739 < startup()@resource://gre/modules/AddonManager.jsm:906 < startup()@resource://gre/modules/AddonManager.jsm:3090 < observe()@jar:file:///Applications/Firefox.app/Contents/Resources/omni.ja!/components/addonManager.js:65
1511223544063	Marionette	INFO	Enabled via --marionette
2017-11-21 00:19:04.625 plugin-container[5367:505342] *** CFMessagePort: bootstrap_register(): failed 1100 (0x44c) 'Permission denied', port = 0xaa3b, name = 'com.apple.tsm.portname'
See /usr/include/servers/bootstrap_defs.h for the error codes.
1511223544879	Marionette	INFO	Listening on port 55326
1511223544944	Marionette	WARN	TLS certificate errors will be ignored for this session
1511223544965	Marionette	DEBUG	Register listener.js for window 2147483649
1511223544982	Marionette	DEBUG	Received DOM event "beforeunload" for "about:blank"
1511223546156	Marionette	DEBUG	Received DOM event "beforeunload" for "about:blank"
1511223546157	Marionette	DEBUG	Received DOM event "pagehide" for "about:blank"
1511223546158	Marionette	DEBUG	Received DOM event "unload" for "about:blank"
1511223546187	Marionette	DEBUG	Received DOM event "DOMContentLoaded" for "about:neterror?e=connectionFailure&u=http%3A//localhost%3A8000/&c=UTF-8&f=regular&d=Firefox%20can%E2%80%99t%20establish%20a%20connection%20to%20the%20server%20at%20localhost%3A8000."
1511223546234	Marionette	INFO	New connections will no longer be accepted
1511223760242	geckodriver	INFO	geckodriver 0.19.0
1511223760284	geckodriver	INFO	Listening on 127.0.0.1:55441
1511223760369	mozrunner::runner	INFO	Running command: "/Applications/Firefox.app/Contents/MacOS/firefox-bin" "-marionette" "-profile" "/var/folders/kr/_rj0t_cs3v9fskcqmdv7f0sh0000gn/T/rust_mozprofile.LRNlRWsP835A"
1511223760562	addons.xpi	WARN	Error parsing extensions state: [Exception... "Component returned failure code: 0x80520012 (NS_ERROR_FILE_NOT_FOUND) [amIAddonManagerStartup.readStartupData]"  nsresult: "0x80520012 (NS_ERROR_FILE_NOT_FOUND)"  location: "JS frame :: resource://gre/modules/addons/XPIProvider.jsm :: loadExtensionState :: line 1554"  data: no] Stack trace: loadExtensionState()@resource://gre/modules/addons/XPIProvider.jsm:1554 < getInstallState()@resource://gre/modules/addons/XPIProvider.jsm:1589 < checkForChanges()@resource://gre/modules/addons/XPIProvider.jsm:3109 < startup()@resource://gre/modules/addons/XPIProvider.jsm:2188 < callProvider()@resource://gre/modules/AddonManager.jsm:269 < _startProvider()@resource://gre/modules/AddonManager.jsm:739 < startup()@resource://gre/modules/AddonManager.jsm:906 < startup()@resource://gre/modules/AddonManager.jsm:3090 < observe()@jar:file:///Applications/Firefox.app/Contents/Resources/omni.ja!/components/addonManager.js:65
1511223760756	Marionette	INFO	Enabled via --marionette
2017-11-21 00:22:41.324 plugin-container[5521:531583] *** CFMessagePort: bootstrap_register(): failed 1100 (0x44c) 'Permission denied', port = 0xaa37, name = 'com.apple.tsm.portname'
See /usr/include/servers/bootstrap_defs.h for the error codes.
1511223761582	Marionette	INFO	Listening on port 55445
1511223761625	Marionette	WARN	TLS certificate errors will be ignored for this session
1511223761647	Marionette	DEBUG	Register listener.js for window 2147483649
1511223761663	Marionette	DEBUG	Received DOM event "beforeunload" for "about:blank"
1511223762833	Marionette	DEBUG	Received DOM event "beforeunload" for "about:blank"
1511223762834	Marionette	DEBUG	Received DOM event "pagehide" for "about:blank"
1511223762835	Marionette	DEBUG	Received DOM event "unload" for "about:blank"
1511223762863	Marionette	DEBUG	Received DOM event "DOMContentLoaded" for "about:neterror?e=connectionFailure&u=http%3A//localhost%3A8000/&c=UTF-8&f=regular&d=Firefox%20can%E2%80%99t%20establish%20a%20connection%20to%20the%20server%20at%20localhost%3A8000."
1511223762908	Marionette	INFO	New connections will no longer be accepted
1511224404826	geckodriver	INFO	geckodriver 0.19.0
1511224404866	geckodriver	INFO	Listening on 127.0.0.1:55657
1511224404954	mozrunner::runner	INFO	Running command: "/Applications/Firefox.app/Contents/MacOS/firefox-bin" "-marionette" "-profile" "/var/folders/kr/_rj0t_cs3v9fskcqmdv7f0sh0000gn/T/rust_mozprofile.7bHlP1Fx0Qbb"
1511224405139	addons.xpi	WARN	Error parsing extensions state: [Exception... "Component returned failure code: 0x80520012 (NS_ERROR_FILE_NOT_FOUND) [amIAddonManagerStartup.readStartupData]"  nsresult: "0x80520012 (NS_ERROR_FILE_NOT_FOUND)"  location: "JS frame :: resource://gre/modules/addons/XPIProvider.jsm :: loadExtensionState :: line 1554"  data: no] Stack trace: loadExtensionState()@resource://gre/modules/addons/XPIProvider.jsm:1554 < getInstallState()@resource://gre/modules/addons/XPIProvider.jsm:1589 < checkForChanges()@resource://gre/modules/addons/XPIProvider.jsm:3109 < startup()@resource://gre/modules/addons/XPIProvider.jsm:2188 < callProvider()@resource://gre/modules/AddonManager.jsm:269 < _startProvider()@resource://gre/modules/AddonManager.jsm:739 < startup()@resource://gre/modules/AddonManager.jsm:906 < startup()@resource://gre/modules/AddonManager.jsm:3090 < observe()@jar:file:///Applications/Firefox.app/Contents/Resources/omni.ja!/components/addonManager.js:65
1511224405332	Marionette	INFO	Enabled via --marionette
2017-11-20 19:33:25.892 plugin-container[6094:576289] *** CFMessagePort: bootstrap_register(): failed 1100 (0x44c) 'Permission denied', port = 0xa93b, name = 'com.apple.tsm.portname'
See /usr/include/servers/bootstrap_defs.h for the error codes.
1511224406137	Marionette	INFO	Listening on port 55661
1511224406202	Marionette	WARN	TLS certificate errors will be ignored for this session
1511224406224	Marionette	DEBUG	Register listener.js for window 2147483649
1511224406241	Marionette	DEBUG	Received DOM event "beforeunload" for "about:blank"
1511224407419	Marionette	DEBUG	Received DOM event "beforeunload" for "about:blank"
1511224407420	Marionette	DEBUG	Received DOM event "pagehide" for "about:blank"
1511224407420	Marionette	DEBUG	Received DOM event "unload" for "about:blank"
1511224407449	Marionette	DEBUG	Received DOM event "DOMContentLoaded" for "about:neterror?e=connectionFailure&u=http%3A//localhost%3A8000/&c=UTF-8&f=regular&d=Firefox%20can%E2%80%99t%20establish%20a%20connection%20to%20the%20server%20at%20localhost%3A8000."
1511224407494	Marionette	INFO	New connections will no longer be accepted
1511224862366	geckodriver	INFO	geckodriver 0.19.0
1511224862408	geckodriver	INFO	Listening on 127.0.0.1:55851
1511224862495	mozrunner::runner	INFO	Running command: "/Applications/Firefox.app/Contents/MacOS/firefox-bin" "-marionette" "-profile" "/var/folders/kr/_rj0t_cs3v9fskcqmdv7f0sh0000gn/T/rust_mozprofile.QQb4m4KhWGtn"
1511224862685	addons.xpi	WARN	Error parsing extensions state: [Exception... "Component returned failure code: 0x80520012 (NS_ERROR_FILE_NOT_FOUND) [amIAddonManagerStartup.readStartupData]"  nsresult: "0x80520012 (NS_ERROR_FILE_NOT_FOUND)"  location: "JS frame :: resource://gre/modules/addons/XPIProvider.jsm :: loadExtensionState :: line 1554"  data: no] Stack trace: loadExtensionState()@resource://gre/modules/addons/XPIProvider.jsm:1554 < getInstallState()@resource://gre/modules/addons/XPIProvider.jsm:1589 < checkForChanges()@resource://gre/modules/addons/XPIProvider.jsm:3109 < startup()@resource://gre/modules/addons/XPIProvider.jsm:2188 < callProvider()@resource://gre/modules/AddonManager.jsm:269 < _startProvider()@resource://gre/modules/AddonManager.jsm:739 < startup()@resource://gre/modules/AddonManager.jsm:906 < startup()@resource://gre/modules/AddonManager.jsm:3090 < observe()@jar:file:///Applications/Firefox.app/Contents/Resources/omni.ja!/components/addonManager.js:65
1511224862883	Marionette	INFO	Enabled via --marionette
2017-11-20 19:41:03.442 plugin-container[6511:613503] *** CFMessagePort: bootstrap_register(): failed 1100 (0x44c) 'Permission denied', port = 0xae0f, name = 'com.apple.tsm.portname'
See /usr/include/servers/bootstrap_defs.h for the error codes.
1511224863703	Marionette	INFO	Listening on port 55855
1511224863746	Marionette	WARN	TLS certificate errors will be ignored for this session
1511224863768	Marionette	DEBUG	Register listener.js for window 2147483649
1511224863785	Marionette	DEBUG	Received DOM event "beforeunload" for "about:blank"
1511224864944	Marionette	DEBUG	Received DOM event "beforeunload" for "about:blank"
1511224864945	Marionette	DEBUG	Received DOM event "pagehide" for "about:blank"
1511224864945	Marionette	DEBUG	Received DOM event "unload" for "about:blank"
1511224864973	Marionette	DEBUG	Received DOM event "DOMContentLoaded" for "about:neterror?e=connectionFailure&u=http%3A//localhost%3A8000/&c=UTF-8&f=regular&d=Firefox%20can%E2%80%99t%20establish%20a%20connection%20to%20the%20server%20at%20localhost%3A8000."
1511224865020	Marionette	INFO	New connections will no longer be accepted
